{
  "uid" : "c36386dcfb5c6327",
  "name" : "test_navigate_in_pages",
  "fullName" : "test.test_conduit_app.TestConduitApp#test_navigate_in_pages",
  "historyId" : "ad5b34139c320dc61c973e69f67bc369",
  "time" : {
    "start" : 1628529896477,
    "stop" : 1628529906703,
    "duration" : 10226
  },
  "status" : "broken",
  "statusMessage" : "selenium.common.exceptions.TimeoutException: Message:",
  "statusTrace" : "self = <test_conduit_app.TestConduitApp object at 0x7fa617720a90>\n\n    def test_navigate_in_pages(self):\n>       login(self.browser, self.email, self.password)\n\ntest/test_conduit_app.py:164: \n_ _ _ _ _ _ _ _ _ _ _ _ _ _ _ _ _ _ _ _ _ _ _ _ _ _ _ _ _ _ _ _ _ _ _ _ _ _ _ _ \ntest/conduit_app_methods.py:22: in login\n    navbar_sign_in = wait_for_element(browser, By.XPATH, '//a[@href=\"#/login\"]')\ntest/conduit_app_methods.py:10: in wait_for_element\n    return WebDriverWait(browser, 10).until(\n_ _ _ _ _ _ _ _ _ _ _ _ _ _ _ _ _ _ _ _ _ _ _ _ _ _ _ _ _ _ _ _ _ _ _ _ _ _ _ _ \n\nself = <selenium.webdriver.support.wait.WebDriverWait (session=\"2c8c116356b6aedda6f76e28c588f285\")>\nmethod = <selenium.webdriver.support.expected_conditions.visibility_of_element_located object at 0x7fa61776d310>\nmessage = ''\n\n    def until(self, method, message=''):\n        \"\"\"Calls the method provided with the driver as an argument until the \\\n        return value is not False.\"\"\"\n        screen = None\n        stacktrace = None\n    \n        end_time = time.time() + self._timeout\n        while True:\n            try:\n                value = method(self._driver)\n                if value:\n                    return value\n            except self._ignored_exceptions as exc:\n                screen = getattr(exc, 'screen', None)\n                stacktrace = getattr(exc, 'stacktrace', None)\n            time.sleep(self._poll)\n            if time.time() > end_time:\n                break\n>       raise TimeoutException(message, screen, stacktrace)\nE       selenium.common.exceptions.TimeoutException: Message:\n\n/opt/hostedtoolcache/Python/3.9.5/x64/lib/python3.9/site-packages/selenium/webdriver/support/wait.py:80: TimeoutException",
  "flaky" : false,
  "newFailed" : false,
  "beforeStages" : [ ],
  "testStage" : {
    "status" : "broken",
    "statusMessage" : "selenium.common.exceptions.TimeoutException: Message:",
    "statusTrace" : "self = <test_conduit_app.TestConduitApp object at 0x7fa617720a90>\n\n    def test_navigate_in_pages(self):\n>       login(self.browser, self.email, self.password)\n\ntest/test_conduit_app.py:164: \n_ _ _ _ _ _ _ _ _ _ _ _ _ _ _ _ _ _ _ _ _ _ _ _ _ _ _ _ _ _ _ _ _ _ _ _ _ _ _ _ \ntest/conduit_app_methods.py:22: in login\n    navbar_sign_in = wait_for_element(browser, By.XPATH, '//a[@href=\"#/login\"]')\ntest/conduit_app_methods.py:10: in wait_for_element\n    return WebDriverWait(browser, 10).until(\n_ _ _ _ _ _ _ _ _ _ _ _ _ _ _ _ _ _ _ _ _ _ _ _ _ _ _ _ _ _ _ _ _ _ _ _ _ _ _ _ \n\nself = <selenium.webdriver.support.wait.WebDriverWait (session=\"2c8c116356b6aedda6f76e28c588f285\")>\nmethod = <selenium.webdriver.support.expected_conditions.visibility_of_element_located object at 0x7fa61776d310>\nmessage = ''\n\n    def until(self, method, message=''):\n        \"\"\"Calls the method provided with the driver as an argument until the \\\n        return value is not False.\"\"\"\n        screen = None\n        stacktrace = None\n    \n        end_time = time.time() + self._timeout\n        while True:\n            try:\n                value = method(self._driver)\n                if value:\n                    return value\n            except self._ignored_exceptions as exc:\n                screen = getattr(exc, 'screen', None)\n                stacktrace = getattr(exc, 'stacktrace', None)\n            time.sleep(self._poll)\n            if time.time() > end_time:\n                break\n>       raise TimeoutException(message, screen, stacktrace)\nE       selenium.common.exceptions.TimeoutException: Message:\n\n/opt/hostedtoolcache/Python/3.9.5/x64/lib/python3.9/site-packages/selenium/webdriver/support/wait.py:80: TimeoutException",
    "steps" : [ ],
    "attachments" : [ {
      "uid" : "3e332ec39930fd9",
      "name" : "log",
      "source" : "3e332ec39930fd9.txt",
      "type" : "text/plain",
      "size" : 344
    }, {
      "uid" : "d600428acb9ae899",
      "name" : "stderr",
      "source" : "d600428acb9ae899.txt",
      "type" : "text/plain",
      "size" : 215
    } ],
    "parameters" : [ ],
    "stepsCount" : 0,
    "attachmentsCount" : 2,
    "shouldDisplayMessage" : true,
    "hasContent" : true
  },
  "afterStages" : [ ],
  "labels" : [ {
    "name" : "parentSuite",
    "value" : "test"
  }, {
    "name" : "suite",
    "value" : "test_conduit_app"
  }, {
    "name" : "subSuite",
    "value" : "TestConduitApp"
  }, {
    "name" : "host",
    "value" : "fv-az74-184"
  }, {
    "name" : "thread",
    "value" : "3649-MainThread"
  }, {
    "name" : "framework",
    "value" : "pytest"
  }, {
    "name" : "language",
    "value" : "cpython3"
  }, {
    "name" : "package",
    "value" : "test.test_conduit_app"
  }, {
    "name" : "resultFormat",
    "value" : "allure2"
  } ],
  "parameters" : [ ],
  "links" : [ ],
  "hidden" : false,
  "retry" : false,
  "extra" : {
    "severity" : "normal",
    "retries" : [ ],
    "categories" : [ {
      "name" : "Test defects",
      "matchedStatuses" : [ ],
      "flaky" : false
    } ],
    "tags" : [ ]
  },
  "source" : "c36386dcfb5c6327.json",
  "parameterValues" : [ ]
}